# JRE version: OpenJDK Runtime Environment Temurin-17.0.3+7 (17.0.3+7) (build 17.0.3+7)
# Java VM: OpenJDK 64-Bit Server VM Temurin-17.0.3+7 (17.0.3+7, mixed mode, emulated-client, tiered, compressed oops, compressed class ptrs, g1 gc, windows-amd64)
GC Precious Log:
 CPUs: 8 total, 8 available
 Memory: 24420M
 Large Page Support: Disabled
 NUMA Support: Disabled
 Compressed Oops: Enabled (Zero based)
 Heap Region Size: 4M
 Heap Min Capacity: 8M
 Heap Initial Capacity: 384M
 Heap Max Capacity: 6108M
 Pre-touch: Disabled
 Parallel Workers: 8
 Concurrent Workers: 2
 Concurrent Refinement Workers: 8
 Periodic GC: Disabled
Heap:
 garbage-first heap   total 487424K, used 111891K [0x0000000682400000, 0x0000000800000000)
  region size 4096K, 7 young (28672K), 7 survivors (28672K)
 Metaspace       used 36564K, committed 36864K, reserved 1081344K
  class space    used 4608K, committed 4736K, reserved 1048576K
GC Heap History (20 events):
Event: 3.543 GC heap after
{Heap after GC invocations=10 (full 0):
 garbage-first heap   total 225280K, used 23776K [0x0000000682400000, 0x0000000800000000)
  region size 4096K, 1 young (4096K), 1 survivors (4096K)
 Metaspace       used 31678K, committed 31936K, reserved 1081344K
  class space    used 4011K, committed 4096K, reserved 1048576K
}
Event: 3.987 GC heap before
{Heap before GC invocations=10 (full 0):
 garbage-first heap   total 225280K, used 93408K [0x0000000682400000, 0x0000000800000000)
  region size 4096K, 20 young (81920K), 1 survivors (4096K)
 Metaspace       used 35797K, committed 36096K, reserved 1081344K
  class space    used 4525K, committed 4672K, reserved 1048576K
}
Event: 4.001 GC heap after
{Heap after GC invocations=11 (full 0):
 garbage-first heap   total 225280K, used 40233K [0x0000000682400000, 0x0000000800000000)
  region size 4096K, 4 young (16384K), 4 survivors (16384K)
 Metaspace       used 35797K, committed 36096K, reserved 1081344K
  class space    used 4525K, committed 4672K, reserved 1048576K
}
Event: 4.089 GC heap before
{Heap before GC invocations=12 (full 0):
 garbage-first heap   total 180224K, used 122153K [0x0000000682400000, 0x0000000800000000)
  region size 4096K, 25 young (102400K), 4 survivors (16384K)
 Metaspace       used 36410K, committed 36672K, reserved 1081344K
  class space    used 4582K, committed 4736K, reserved 1048576K
}
Event: 4.097 GC heap after
{Heap after GC invocations=13 (full 0):
 garbage-first heap   total 180224K, used 48020K [0x0000000682400000, 0x0000000800000000)
  region size 4096K, 2 young (8192K), 2 survivors (8192K)
 Metaspace       used 36410K, committed 36672K, reserved 1081344K
  class space    used 4582K, committed 4736K, reserved 1048576K
}
Event: 4.101 GC heap before
{Heap before GC invocations=13 (full 0):
 garbage-first heap   total 180224K, used 48020K [0x0000000682400000, 0x0000000800000000)
  region size 4096K, 3 young (12288K), 2 survivors (8192K)
 Metaspace       used 36448K, committed 36800K, reserved 1081344K
  class space    used 4589K, committed 4736K, reserved 1048576K
}
Event: 4.105 GC heap after
{Heap after GC invocations=14 (full 0):
 garbage-first heap   total 180224K, used 48923K [0x0000000682400000, 0x0000000800000000)
  region size 4096K, 1 young (4096K), 1 survivors (4096K)
 Metaspace       used 36448K, committed 36800K, reserved 1081344K
  class space    used 4589K, committed 4736K, reserved 1048576K
}
Event: 4.144 GC heap before
{Heap before GC invocations=14 (full 0):
 garbage-first heap   total 180224K, used 110363K [0x0000000682400000, 0x0000000800000000)
  region size 4096K, 17 young (69632K), 1 survivors (4096K)
 Metaspace       used 36564K, committed 36864K, reserved 1081344K
  class space    used 4608K, committed 4736K, reserved 1048576K
}
Event: 4.146 GC heap after
{Heap after GC invocations=15 (full 0):
 garbage-first heap   total 180224K, used 51188K [0x0000000682400000, 0x0000000800000000)
  region size 4096K, 1 young (4096K), 1 survivors (4096K)
 Metaspace       used 36564K, committed 36864K, reserved 1081344K
  class space    used 4608K, committed 4736K, reserved 1048576K
}
Event: 4.201 GC heap before
{Heap before GC invocations=16 (full 0):
 garbage-first heap   total 180224K, used 116724K [0x0000000682400000, 0x0000000800000000)
  region size 4096K, 18 young (73728K), 1 survivors (4096K)
 Metaspace       used 36564K, committed 36864K, reserved 1081344K
  class space    used 4608K, committed 4736K, reserved 1048576K
}
Event: 4.204 GC heap after
{Heap after GC invocations=17 (full 0):
 garbage-first heap   total 180224K, used 54689K [0x0000000682400000, 0x0000000800000000)
  region size 4096K, 2 young (8192K), 2 survivors (8192K)
 Metaspace       used 36564K, committed 36864K, reserved 1081344K
  class space    used 4608K, committed 4736K, reserved 1048576K
}
Event: 4.249 GC heap before
{Heap before GC invocations=17 (full 0):
 garbage-first heap   total 180224K, used 124321K [0x0000000682400000, 0x0000000800000000)
  region size 4096K, 20 young (81920K), 2 survivors (8192K)
 Metaspace       used 36564K, committed 36864K, reserved 1081344K
  class space    used 4608K, committed 4736K, reserved 1048576K
}
Event: 4.253 GC heap after
{Heap after GC invocations=18 (full 0):
 garbage-first heap   total 487424K, used 58093K [0x0000000682400000, 0x0000000800000000)
  region size 4096K, 2 young (8192K), 2 survivors (8192K)
 Metaspace       used 36564K, committed 36864K, reserved 1081344K
  class space    used 4608K, committed 4736K, reserved 1048576K
}
Event: 4.448 GC heap before
{Heap before GC invocations=18 (full 0):
 garbage-first heap   total 487424K, used 336621K [0x0000000682400000, 0x0000000800000000)
  region size 4096K, 71 young (290816K), 2 survivors (8192K)
 Metaspace       used 36564K, committed 36864K, reserved 1081344K
  class space    used 4608K, committed 4736K, reserved 1048576K
}
Event: 4.458 GC heap after
{Heap after GC invocations=19 (full 0):
 garbage-first heap   total 487424K, used 72066K [0x0000000682400000, 0x0000000800000000)
  region size 4096K, 6 young (24576K), 6 survivors (24576K)
 Metaspace       used 36564K, committed 36864K, reserved 1081344K
  class space    used 4608K, committed 4736K, reserved 1048576K
}
Event: 4.618 GC heap before
{Heap before GC invocations=19 (full 0):
 garbage-first heap   total 487424K, used 334210K [0x0000000682400000, 0x0000000800000000)
  region size 4096K, 71 young (290816K), 6 survivors (24576K)
 Metaspace       used 36564K, committed 36864K, reserved 1081344K
  class space    used 4608K, committed 4736K, reserved 1048576K
}
Event: 4.630 GC heap after
{Heap after GC invocations=20 (full 0):
 garbage-first heap   total 487424K, used 83504K [0x0000000682400000, 0x0000000800000000)
  region size 4096K, 8 young (32768K), 8 survivors (32768K)
 Metaspace       used 36564K, committed 36864K, reserved 1081344K
  class space    used 4608K, committed 4736K, reserved 1048576K
}
Event: 4.783 GC heap before
{Heap before GC invocations=20 (full 0):
 garbage-first heap   total 487424K, used 337456K [0x0000000682400000, 0x0000000800000000)
  region size 4096K, 71 young (290816K), 8 survivors (32768K)
 Metaspace       used 36564K, committed 36864K, reserved 1081344K
  class space    used 4608K, committed 4736K, reserved 1048576K
}
Event: 4.806 GC heap after
{Heap after GC invocations=21 (full 0):
 garbage-first heap   total 487424K, used 97778K [0x0000000682400000, 0x0000000800000000)
  region size 4096K, 7 young (28672K), 7 survivors (28672K)
 Metaspace       used 36564K, committed 36864K, reserved 1081344K
  class space    used 4608K, committed 4736K, reserved 1048576K
}
Event: 4.999 GC heap before
{Heap before GC invocations=21 (full 0):
 garbage-first heap   total 487424K, used 355826K [0x0000000682400000, 0x0000000800000000)
  region size 4096K, 71 young (290816K), 7 survivors (28672K)
 Metaspace       used 36564K, committed 36864K, reserved 1081344K
  class space    used 4608K, committed 4736K, reserved 1048576K
}

